No CUDA runtime is found, using CUDA_HOME='/usr/local/cuda'
2025-03-27 11:33:20,206 - launch.py - accelerate.commands.launch - WARNING - The following values were not passed to `accelerate launch` and had defaults used instead:
	`--num_cpu_threads_per_process` was set to `2` to improve out-of-box performance when training on CPUs
To avoid this warning pass in values for each of the problematic parameters or run `accelerate config`.
/opt/conda/lib/python3.12/site-packages/transformers/models/mobilevit/feature_extraction_mobilevit.py:28: FutureWarning: The class MobileViTFeatureExtractor is deprecated and will be removed in version 5 of Transformers. Please use MobileViTImageProcessor instead.
  warnings.warn(
Detected kernel version 3.10.0, which is below the recommended minimum of 5.5.0; this can cause the process to hang. It is recommended to upgrade the kernel to the minimum version or higher.
ERROR:2025-03-27 11:33:28 2671:2671 DeviceProperties.cpp:47] gpuGetDeviceCount failed with code 35
--------------------------------  ------------  ------------  ------------  ------------  ------------  ------------  
                            Name    Self CPU %      Self CPU   CPU total %     CPU total  CPU time avg    # of Calls  
--------------------------------  ------------  ------------  ------------  ------------  ------------  ------------  
                    aten::conv2d         0.10%       3.710ms       103.57%        3.927s      56.095ms            70  
               aten::convolution         0.01%     479.656us        51.54%        1.954s      55.833ms            35  
              aten::_convolution         0.05%       1.999ms        51.53%        1.954s      55.819ms            35  
        aten::mkldnn_convolution        51.45%        1.950s        51.48%        1.952s      55.762ms            35  
                    aten::linear         0.09%       3.244ms        42.76%        1.621s      14.738ms           110  
                     aten::addmm        20.77%     787.288ms        21.16%     802.121ms      14.584ms            55  
                      aten::silu         8.27%     313.422ms         8.27%     313.422ms       9.218ms            34  
                    aten::matmul         0.02%     683.182us         7.00%     265.480ms      14.749ms            18  
                       aten::bmm         6.53%     247.661ms         6.53%     247.673ms      13.760ms            18  
                aten::batch_norm         0.01%     201.678us         5.55%     210.392ms       6.575ms            32  
--------------------------------  ------------  ------------  ------------  ------------  ------------  ------------  
Self CPU time total: 3.791s


real	0m19.961s
user	0m15.497s
sys	0m3.837s
