Some weights of MobileViTForImageClassification were not initialized from the model checkpoint at apple/mobilevit-small and are newly initialized because the shapes did not match:
- classifier.weight: found shape torch.Size([1000, 640]) in the checkpoint and torch.Size([10, 640]) in the model instantiated
- classifier.bias: found shape torch.Size([1000]) in the checkpoint and torch.Size([10]) in the model instantiated
You should probably TRAIN this model on a down-stream task to be able to use it for predictions and inference.
/opt/conda/lib/python3.12/site-packages/transformers/models/mobilevit/feature_extraction_mobilevit.py:28: FutureWarning: The class MobileViTFeatureExtractor is deprecated and will be removed in version 5 of Transformers. Please use MobileViTImageProcessor instead.
  warnings.warn(
Detected kernel version 3.10.0, which is below the recommended minimum of 5.5.0; this can cause the process to hang. It is recommended to upgrade the kernel to the minimum version or higher.
Epoch 1, Loss: 2.2999
Epoch 2, Loss: 2.2449
Epoch 3, Loss: 2.1919
Training completed.
-------------------------------------------------------  ------------  ------------  ------------  ------------  ------------  ------------  ------------  ------------  ------------  ------------  
                                                   Name    Self CPU %      Self CPU   CPU total %     CPU total  CPU time avg     Self CUDA   Self CUDA %    CUDA total  CUDA time avg    # of Calls  
-------------------------------------------------------  ------------  ------------  ------------  ------------  ------------  ------------  ------------  ------------  ------------  ------------  
void magma_sgemmEx_kernel<float, __nv_bfloat16, __nv...         0.00%       0.000us         0.00%       0.000us       0.000us        7.115s        56.40%        7.115s     456.086us         15600  
void magma_sgemmEx_kernel<float, __nv_bfloat16, __nv...         0.00%       0.000us         0.00%       0.000us       0.000us        1.557s        12.34%        1.557s     102.792us         15150  
void magma_sgemmEx_kernel<float, __nv_bfloat16, __nv...         0.00%       0.000us         0.00%       0.000us       0.000us        1.374s        10.89%        1.374s      90.854us         15120  
void at::native::col2im_kernel<c10::BFloat16, float>...         0.00%       0.000us         0.00%       0.000us       0.000us     356.504ms         2.83%     356.504ms      27.508us         12960  
void at::native::batch_norm_backward_kernel<c10::BFl...         0.00%       0.000us         0.00%       0.000us       0.000us     352.989ms         2.80%     352.989ms     367.697us           960  
void at::native::vectorized_elementwise_kernel<4, at...         0.00%       0.000us         0.00%       0.000us       0.000us     137.768ms         1.09%     137.768ms     148.138us           930  
void at::native::(anonymous namespace)::conv_depthwi...         0.00%       0.000us         0.00%       0.000us       0.000us     125.225ms         0.99%     125.225ms       1.044ms           120  
void at::native::unrolled_elementwise_kernel<at::nat...         0.00%       0.000us         0.00%       0.000us       0.000us     122.151ms         0.97%     122.151ms      18.177us          6720  
void at::native::batch_norm_transform_input_kernel<c...         0.00%       0.000us         0.00%       0.000us       0.000us     113.071ms         0.90%     113.071ms     117.782us           960  
void at::native::(anonymous namespace)::conv_depthwi...         0.00%       0.000us         0.00%       0.000us       0.000us     110.599ms         0.88%     110.599ms     526.662us           210  
-------------------------------------------------------  ------------  ------------  ------------  ------------  ------------  ------------  ------------  ------------  ------------  ------------  
Self CPU time total: 11.456s
Self CUDA time total: 12.615s

