[2025-03-28 13:37:26,261] [INFO] [real_accelerator.py:222:get_accelerator] Setting ds_accelerator to cuda (auto detect)
Some weights of MobileViTForImageClassification were not initialized from the model checkpoint at apple/mobilevit-small and are newly initialized because the shapes did not match:
- classifier.weight: found shape torch.Size([1000, 640]) in the checkpoint and torch.Size([10, 640]) in the model instantiated
- classifier.bias: found shape torch.Size([1000]) in the checkpoint and torch.Size([10]) in the model instantiated
You should probably TRAIN this model on a down-stream task to be able to use it for predictions and inference.
/opt/conda/lib/python3.12/site-packages/transformers/models/mobilevit/feature_extraction_mobilevit.py:28: FutureWarning: The class MobileViTFeatureExtractor is deprecated and will be removed in version 5 of Transformers. Please use MobileViTImageProcessor instead.
  warnings.warn(
Detected kernel version 3.10.0, which is below the recommended minimum of 5.5.0; this can cause the process to hang. It is recommended to upgrade the kernel to the minimum version or higher.
[W328 13:37:38.002740352 collection.cpp:992] Warning: Failed to recover relationship between all profiler and kineto events: 91976 vs. 0  reassociated. (function reassociate)
Epoch 1, Loss: 2.3107
Epoch 2, Loss: 2.2372
Epoch 3, Loss: 2.1852
-------------------------------------------------------  ------------  ------------  ------------  ------------  ------------  ------------  ------------  ------------  ------------  ------------  ------------  ------------  ------------  ------------  
                                                   Name    Self CPU %      Self CPU   CPU total %     CPU total  CPU time avg     Self CUDA   Self CUDA %    CUDA total  CUDA time avg       CPU Mem  Self CPU Mem      CUDA Mem  Self CUDA Mem    # of Calls  
-------------------------------------------------------  ------------  ------------  ------------  ------------  ------------  ------------  ------------  ------------  ------------  ------------  ------------  ------------  ------------  ------------  
void magma_sgemmEx_kernel<float, __nv_bfloat16, __nv...         0.00%       0.000us         0.00%       0.000us       0.000us        1.320s        42.33%        1.320s     110.435us           0 b           0 b           0 b           0 b         11952  
void magma_sgemmEx_kernel<float, __nv_bfloat16, __nv...         0.00%       0.000us         0.00%       0.000us       0.000us     761.858ms        24.43%     761.858ms      63.743us           0 b           0 b           0 b           0 b         11952  
void magma_sgemmEx_kernel<float, __nv_bfloat16, __nv...         0.00%       0.000us         0.00%       0.000us       0.000us     445.860ms        14.30%     445.860ms      36.787us           0 b           0 b           0 b           0 b         12120  
void at::native::col2im_kernel<c10::BFloat16, float>...         0.00%       0.000us         0.00%       0.000us       0.000us     103.275ms         3.31%     103.275ms       9.961us           0 b           0 b           0 b           0 b         10368  
void at::native::batch_norm_backward_kernel<c10::BFl...         0.00%       0.000us         0.00%       0.000us       0.000us      67.894ms         2.18%      67.894ms      88.403us           0 b           0 b           0 b           0 b           768  
void at::native::im2col_kernel<c10::BFloat16>(long, ...         0.00%       0.000us         0.00%       0.000us       0.000us      29.512ms         0.95%      29.512ms       5.490us           0 b           0 b           0 b           0 b          5376  
void at::native::vectorized_elementwise_kernel<4, at...         0.00%       0.000us         0.00%       0.000us       0.000us      27.126ms         0.87%      27.126ms      36.459us           0 b           0 b           0 b           0 b           744  
void at::native::(anonymous namespace)::conv_depthwi...         0.00%       0.000us         0.00%       0.000us       0.000us      26.834ms         0.86%      26.834ms     279.517us           0 b           0 b           0 b           0 b            96  
void at::native::(anonymous namespace)::conv_depthwi...         0.00%       0.000us         0.00%       0.000us       0.000us      26.409ms         0.85%      26.409ms     157.199us           0 b           0 b           0 b           0 b           168  
void at::native::batch_norm_collect_statistics_kerne...         0.00%       0.000us         0.00%       0.000us       0.000us      25.310ms         0.81%      25.310ms      32.956us           0 b           0 b           0 b           0 b           768  
void at::native::(anonymous namespace)::conv_depthwi...         0.00%       0.000us         0.00%       0.000us       0.000us      23.712ms         0.76%      23.712ms     141.144us           0 b           0 b           0 b           0 b           168  
void at::native::unrolled_elementwise_kernel<at::nat...         0.00%       0.000us         0.00%       0.000us       0.000us      23.644ms         0.76%      23.644ms       4.398us           0 b           0 b           0 b           0 b          5376  
void at::native::batch_norm_transform_input_kernel<c...         0.00%       0.000us         0.00%       0.000us       0.000us      22.195ms         0.71%      22.195ms      28.900us           0 b           0 b           0 b           0 b           768  
void at::native::(anonymous namespace)::conv_depthwi...         0.00%       0.000us         0.00%       0.000us       0.000us      20.444ms         0.66%      20.444ms     283.948us           0 b           0 b           0 b           0 b            72  
void at::native::vectorized_elementwise_kernel<4, at...         0.00%       0.000us         0.00%       0.000us       0.000us      18.809ms         0.60%      18.809ms      23.051us           0 b           0 b           0 b           0 b           816  
void at::native::vectorized_elementwise_kernel<4, at...         0.00%       0.000us         0.00%       0.000us       0.000us      16.661ms         0.53%      16.661ms       3.085us           0 b           0 b           0 b           0 b          5400  
void at::native::reduce_kernel<128, 4, at::native::R...         0.00%       0.000us         0.00%       0.000us       0.000us      14.640ms         0.47%      14.640ms      11.297us           0 b           0 b           0 b           0 b          1296  
void at::native::elementwise_kernel<128, 4, at::nati...         0.00%       0.000us         0.00%       0.000us       0.000us      13.306ms         0.43%      13.306ms       6.600us           0 b           0 b           0 b           0 b          2016  
void gemmSN_TN_kernel<float, 128, 16, 2, 4, 8, 9, fa...         0.00%       0.000us         0.00%       0.000us       0.000us      13.164ms         0.42%      13.164ms      32.265us           0 b           0 b           0 b           0 b           408  
                       Memcpy HtoD (Pageable -> Device)         0.00%       0.000us         0.00%       0.000us       0.000us      12.863ms         0.41%      12.863ms     267.987us           0 b           0 b           0 b           0 b            48  
-------------------------------------------------------  ------------  ------------  ------------  ------------  ------------  ------------  ------------  ------------  ------------  ------------  ------------  ------------  ------------  ------------  
Self CPU time total: 2.520s
Self CUDA time total: 3.118s

Training completed.
Training time without initializations: 21.82 seconds.

real	0m46.849s
user	0m35.949s
sys	0m6.394s
