[2025-03-28 13:36:56,490] [INFO] [real_accelerator.py:222:get_accelerator] Setting ds_accelerator to cuda (auto detect)
Some weights of MobileViTForImageClassification were not initialized from the model checkpoint at apple/mobilevit-small and are newly initialized because the shapes did not match:
- classifier.weight: found shape torch.Size([1000, 640]) in the checkpoint and torch.Size([10, 640]) in the model instantiated
- classifier.bias: found shape torch.Size([1000]) in the checkpoint and torch.Size([10]) in the model instantiated
You should probably TRAIN this model on a down-stream task to be able to use it for predictions and inference.
/opt/conda/lib/python3.12/site-packages/transformers/models/mobilevit/feature_extraction_mobilevit.py:28: FutureWarning: The class MobileViTFeatureExtractor is deprecated and will be removed in version 5 of Transformers. Please use MobileViTImageProcessor instead.
  warnings.warn(
Detected kernel version 3.10.0, which is below the recommended minimum of 5.5.0; this can cause the process to hang. It is recommended to upgrade the kernel to the minimum version or higher.
[W328 13:37:10.005321505 collection.cpp:992] Warning: Failed to recover relationship between all profiler and kineto events: 178808 vs. 0  reassociated. (function reassociate)
Epoch 1, Loss: 2.3073
Epoch 2, Loss: 2.2460
Epoch 3, Loss: 2.1844
-------------------------------------------------------  ------------  ------------  ------------  ------------  ------------  ------------  ------------  ------------  ------------  ------------  ------------  ------------  ------------  ------------  
                                                   Name    Self CPU %      Self CPU   CPU total %     CPU total  CPU time avg     Self CUDA   Self CUDA %    CUDA total  CUDA time avg       CPU Mem  Self CPU Mem      CUDA Mem  Self CUDA Mem    # of Calls  
-------------------------------------------------------  ------------  ------------  ------------  ------------  ------------  ------------  ------------  ------------  ------------  ------------  ------------  ------------  ------------  ------------  
void magma_sgemmEx_kernel<float, __nv_bfloat16, __nv...         0.00%       0.000us         0.00%       0.000us       0.000us        1.333s        41.33%        1.333s      98.473us           0 b           0 b           0 b           0 b         13536  
void magma_sgemmEx_kernel<float, __nv_bfloat16, __nv...         0.00%       0.000us         0.00%       0.000us       0.000us     782.762ms        24.27%     782.762ms      57.828us           0 b           0 b           0 b           0 b         13536  
void magma_sgemmEx_kernel<float, __nv_bfloat16, __nv...         0.00%       0.000us         0.00%       0.000us       0.000us     445.293ms        13.81%     445.293ms      32.100us           0 b           0 b           0 b           0 b         13872  
void at::native::col2im_kernel<c10::BFloat16, float>...         0.00%       0.000us         0.00%       0.000us       0.000us     100.502ms         3.12%     100.502ms       9.693us           0 b           0 b           0 b           0 b         10368  
void at::native::batch_norm_backward_kernel<c10::BFl...         0.00%       0.000us         0.00%       0.000us       0.000us      63.879ms         1.98%      63.879ms      41.588us           0 b           0 b           0 b           0 b          1536  
void at::native::unrolled_elementwise_kernel<at::nat...         0.00%       0.000us         0.00%       0.000us       0.000us      35.729ms         1.11%      35.729ms       3.323us           0 b           0 b           0 b           0 b         10752  
void at::native::(anonymous namespace)::conv_depthwi...         0.00%       0.000us         0.00%       0.000us       0.000us      29.273ms         0.91%      29.273ms      87.122us           0 b           0 b           0 b           0 b           336  
void at::native::batch_norm_collect_statistics_kerne...         0.00%       0.000us         0.00%       0.000us       0.000us      28.900ms         0.90%      28.900ms      18.815us           0 b           0 b           0 b           0 b          1536  
void at::native::im2col_kernel<c10::BFloat16>(long, ...         0.00%       0.000us         0.00%       0.000us       0.000us      28.673ms         0.89%      28.673ms       5.334us           0 b           0 b           0 b           0 b          5376  
void at::native::reduce_kernel<128, 4, at::native::R...         0.00%       0.000us         0.00%       0.000us       0.000us      27.124ms         0.84%      27.124ms      10.465us           0 b           0 b           0 b           0 b          2592  
void at::native::vectorized_elementwise_kernel<4, at...         0.00%       0.000us         0.00%       0.000us       0.000us      27.007ms         0.84%      27.007ms      18.150us           0 b           0 b           0 b           0 b          1488  
void at::native::(anonymous namespace)::conv_depthwi...         0.00%       0.000us         0.00%       0.000us       0.000us      26.339ms         0.82%      26.339ms     137.180us           0 b           0 b           0 b           0 b           192  
void at::native::(anonymous namespace)::conv_depthwi...         0.00%       0.000us         0.00%       0.000us       0.000us      23.771ms         0.74%      23.771ms      70.748us           0 b           0 b           0 b           0 b           336  
void at::native::vectorized_elementwise_kernel<4, at...         0.00%       0.000us         0.00%       0.000us       0.000us      23.232ms         0.72%      23.232ms       2.151us           0 b           0 b           0 b           0 b         10800  
void at::native::batch_norm_transform_input_kernel<c...         0.00%       0.000us         0.00%       0.000us       0.000us      21.969ms         0.68%      21.969ms      14.303us           0 b           0 b           0 b           0 b          1536  
void at::native::(anonymous namespace)::conv_depthwi...         0.00%       0.000us         0.00%       0.000us       0.000us      20.377ms         0.63%      20.377ms     141.507us           0 b           0 b           0 b           0 b           144  
void at::native::vectorized_elementwise_kernel<4, at...         0.00%       0.000us         0.00%       0.000us       0.000us      18.885ms         0.59%      18.885ms      11.572us           0 b           0 b           0 b           0 b          1632  
void at::native::elementwise_kernel<128, 4, at::nati...         0.00%       0.000us         0.00%       0.000us       0.000us      17.091ms         0.53%      17.091ms       4.239us           0 b           0 b           0 b           0 b          4032  
void at::native::(anonymous namespace)::multi_tensor...         0.00%       0.000us         0.00%       0.000us       0.000us      16.687ms         0.52%      16.687ms      57.939us           0 b           0 b           0 b           0 b           288  
void at::native::(anonymous namespace)::multi_tensor...         0.00%       0.000us         0.00%       0.000us       0.000us      12.925ms         0.40%      12.925ms      44.878us           0 b           0 b           0 b           0 b           288  
-------------------------------------------------------  ------------  ------------  ------------  ------------  ------------  ------------  ------------  ------------  ------------  ------------  ------------  ------------  ------------  ------------  
Self CPU time total: 2.402s
Self CUDA time total: 3.225s

Training completed.
Training time without initializations: 32.95 seconds.

real	1m0.023s
user	0m48.212s
sys	0m6.564s
