[2025-03-28 13:33:21,920] [WARNING] [_logger.py:72:warning] Setting accelerator to CPU. If you have GPU or other accelerator, we were unable to detect it.
[2025-03-28 13:33:21,922] [INFO] [real_accelerator.py:222:get_accelerator] Setting ds_accelerator to cpu (auto detect)
No CUDA runtime is found, using CUDA_HOME='/usr/local/cuda'
2025-03-28 13:33:24,242 - launch.py - accelerate.commands.launch - WARNING - The following values were not passed to `accelerate launch` and had defaults used instead:
	`--num_cpu_threads_per_process` was set to `2` to improve out-of-box performance when training on CPUs
To avoid this warning pass in values for each of the problematic parameters or run `accelerate config`.
Some weights of MobileViTForImageClassification were not initialized from the model checkpoint at apple/mobilevit-small and are newly initialized because the shapes did not match:
- classifier.weight: found shape torch.Size([1000, 640]) in the checkpoint and torch.Size([10, 640]) in the model instantiated
- classifier.bias: found shape torch.Size([1000]) in the checkpoint and torch.Size([10]) in the model instantiated
You should probably TRAIN this model on a down-stream task to be able to use it for predictions and inference.
/opt/conda/lib/python3.12/site-packages/transformers/models/mobilevit/feature_extraction_mobilevit.py:28: FutureWarning: The class MobileViTFeatureExtractor is deprecated and will be removed in version 5 of Transformers. Please use MobileViTImageProcessor instead.
  warnings.warn(
Detected kernel version 3.10.0, which is below the recommended minimum of 5.5.0; this can cause the process to hang. It is recommended to upgrade the kernel to the minimum version or higher.
ERROR:2025-03-28 13:35:05 2702:2702 DeviceProperties.cpp:47] gpuGetDeviceCount failed with code 35
Epoch 1, Loss: 2.3046
Epoch 2, Loss: 2.2358
Epoch 3, Loss: 2.1900
-------------------------------------------------------  ------------  ------------  ------------  ------------  ------------  ------------  ------------  ------------  ------------  
                                                   Name    Self CPU %      Self CPU   CPU total %     CPU total  CPU time avg       CPU Mem  Self CPU Mem    # of Calls  Total MFLOPs  
-------------------------------------------------------  ------------  ------------  ------------  ------------  ------------  ------------  ------------  ------------  ------------  
autograd::engine::evaluate_function: ConvolutionBack...         0.08%      79.217ms        57.65%       53.886s      32.075ms      -2.55 Gb      -5.15 Gb          1680            --  
                                   ConvolutionBackward0         0.03%      28.580ms        57.51%       53.760s      32.000ms       2.57 Gb           0 b          1680            --  
                             aten::convolution_backward        57.37%       53.632s        57.48%       53.731s      31.983ms       2.57 Gb           0 b          1680            --  
                                           aten::conv2d         0.05%      45.416ms        20.22%       18.905s       5.627ms       4.96 Gb           0 b          3360    419463.954  
    autograd::engine::evaluate_function: AddmmBackward0         0.12%     110.486ms        11.38%       10.641s       4.031ms    -491.06 Mb      -1.41 Gb          2640            --  
                                           aten::linear         0.11%     106.286ms        11.28%       10.543s       1.997ms       1.61 Gb           0 b          5280            --  
                                         AddmmBackward0         0.13%     121.472ms        10.99%       10.273s       3.891ms     955.05 Mb           0 b          2640            --  
                                               aten::mm        10.74%       10.037s        10.74%       10.042s       1.902ms     955.05 Mb     955.05 Mb          5280    280407.441  
                                      aten::convolution         0.04%      41.216ms        10.00%        9.346s       5.563ms       2.37 Gb           0 b          1680            --  
                                     aten::_convolution         0.03%      28.452ms         9.95%        9.305s       5.538ms       2.37 Gb           0 b          1680            --  
                               aten::mkldnn_convolution         9.87%        9.225s         9.92%        9.276s       5.522ms       2.37 Gb           0 b          1680            --  
                                            aten::addmm         5.18%        4.837s         5.33%        4.984s       1.888ms     689.07 Mb     689.07 Mb          2640    140203.721  
                               Optimizer.step#Adam.step         0.69%     648.486ms         2.76%        2.585s      53.845ms      37.72 Mb      -1.77 Gb            48            --  
autograd::engine::evaluate_function: NativeBatchNorm...         0.06%      51.430ms         1.82%        1.704s       1.110ms      -2.24 Gb      -4.58 Gb          1536            --  
                               NativeBatchNormBackward0         0.03%      31.153ms         1.77%        1.653s       1.076ms       2.34 Gb           0 b          1536            --  
                       aten::native_batch_norm_backward         1.69%        1.577s         1.73%        1.622s       1.056ms       2.34 Gb      -2.33 Gb          1536            --  
                                            aten::copy_         1.72%        1.609s         1.72%        1.609s      22.499us           0 b           0 b         71520            --  
                                              aten::bmm         1.65%        1.543s         1.65%        1.545s     595.965us     610.88 Mb     610.88 Mb          2592     25579.487  
                                             aten::silu         1.59%        1.488s         1.59%        1.488s     911.762us       2.27 Gb       2.27 Gb          1632            --  
     autograd::engine::evaluate_function: SiluBackward0         0.05%      43.921ms         1.52%        1.422s     871.132us      -2.24 Gb      -4.51 Gb          1632            --  
-------------------------------------------------------  ------------  ------------  ------------  ------------  ------------  ------------  ------------  ------------  ------------  
Self CPU time total: 93.476s

Training completed.
Training time without initializations: 172.81 seconds.

real	3m24.913s
user	3m15.828s
sys	0m8.073s
